<?xml version="1.0" encoding="UTF-8"?>
<!-- Generated by org.testng.reporters.JUnitReportReporter -->
<testsuite hostname="DESKTOP-J2TI704" name="learningTestng.TestExample2" tests="9" failures="1" timestamp="10 Feb 2019 06:20:30 GMT" time="0.022" errors="0">
  <testcase name="Stringlength" time="0.003" classname="learningTestng.TestExample2"/>
  <testcase name="binary" time="0.000" classname="learningTestng.TestExample2">
    <failure type="org.testng.TestNGException" message="
Parameter &#039;SIT&#039; is required by @Test on method binary but has not been marked @Optional or defined
in C:\Users\USER\Documents\Selenium_workspace\selenium_prj\TestSuite\testng.xml">
      <![CDATA[org.testng.TestNGException: 
Parameter 'SIT' is required by @Test on method binary but has not been marked @Optional or defined
in C:\Users\USER\Documents\Selenium_workspace\selenium_prj\TestSuite\testng.xml
	at org.testng.internal.Parameters.createParameters(Parameters.java:155)
	at org.testng.internal.Parameters.createParameters(Parameters.java:358)
	at org.testng.internal.Parameters.handleParameters(Parameters.java:450)
	at org.testng.internal.Invoker.handleParameters(Invoker.java:1383)
	at org.testng.internal.Invoker.createParameters(Invoker.java:1075)
	at org.testng.internal.Invoker.invokeTestMethods(Invoker.java:1180)
	at org.testng.internal.TestMethodWorker.invokeTestMethods(TestMethodWorker.java:127)
	at org.testng.internal.TestMethodWorker.run(TestMethodWorker.java:111)
	at org.testng.TestRunner.privateRun(TestRunner.java:767)
	at org.testng.TestRunner.run(TestRunner.java:617)
	at org.testng.SuiteRunner.runTest(SuiteRunner.java:348)
	at org.testng.SuiteRunner.runSequentially(SuiteRunner.java:343)
	at org.testng.SuiteRunner.privateRun(SuiteRunner.java:305)
	at org.testng.SuiteRunner.run(SuiteRunner.java:254)
	at org.testng.SuiteRunnerWorker.runSuite(SuiteRunnerWorker.java:52)
	at org.testng.SuiteRunnerWorker.run(SuiteRunnerWorker.java:86)
	at org.testng.TestNG.runSuitesSequentially(TestNG.java:1224)
	at org.testng.TestNG.runSuitesLocally(TestNG.java:1149)
	at org.testng.TestNG.run(TestNG.java:1057)
	at org.testng.remote.AbstractRemoteTestNG.run(AbstractRemoteTestNG.java:114)
	at org.testng.remote.RemoteTestNG.initAndRun(RemoteTestNG.java:251)
	at org.testng.remote.RemoteTestNG.main(RemoteTestNG.java:77)
]]>
    </failure>
  </testcase> <!-- binary -->
  <testcase name="binary" time="0.004" classname="learningTestng.TestExample2"/>
  <testcase name="printstar" time="0.003" classname="learningTestng.TestExample2"/>
  <testcase name="Uppercase" time="0.001" classname="learningTestng.TestExample2"/>
  <testcase name="add" time="0.003" classname="learningTestng.TestExample2"/>
  <testcase name="printstar" time="0.004" classname="learningTestng.TestExample2"/>
  <testcase name="hello" time="0.002" classname="learningTestng.TestExample2"/>
  <testcase name="Stringlength" time="0.002" classname="learningTestng.TestExample2"/>
</testsuite> <!-- learningTestng.TestExample2 -->
